<?xml version="1.0" encoding="UTF-8"?>
<!-- Generated by org.testng.reporters.JUnitReportReporter -->
<testsuite hostname="LAPTOP-TF7ID873" failures="0" tests="1" name="driverFactory.DriverScript" time="2.230" errors="0" timestamp="2023-04-16T18:14:34 IST" skipped="0">
  <testcase classname="driverFactory.DriverScript" name="starttest" time="2.230"/>
  <system-out>
    <![CDATA[no of rows in TCsheet::5  no of rows in TSsheet::18
login success::adminflow    http://primusbank.qedgetech.com/adminflow.aspx]]>
  </system-out>
</testsuite> <!-- driverFactory.DriverScript -->
